c:\users\victo\onedrive\documentos\github\proprogramadores\tmp\debug\vc142.pdb
c:\users\victo\onedrive\documentos\github\proprogramadores\tmp\debug\vc142.idb
c:\users\victo\onedrive\documentos\github\proprogramadores\tmp\debug\vector2d.obj
c:\users\victo\onedrive\documentos\github\proprogramadores\tmp\debug\pared.obj
c:\users\victo\onedrive\documentos\github\proprogramadores\tmp\debug\pang.obj
c:\users\victo\onedrive\documentos\github\proprogramadores\tmp\debug\obstaculotiempo.obj
c:\users\victo\onedrive\documentos\github\proprogramadores\tmp\debug\obstaculosimple.obj
c:\users\victo\onedrive\documentos\github\proprogramadores\tmp\debug\obstaculoabsoluto.obj
c:\users\victo\onedrive\documentos\github\proprogramadores\tmp\debug\obstaculo.obj
c:\users\victo\onedrive\documentos\github\proprogramadores\tmp\debug\objetomovil.obj
c:\users\victo\onedrive\documentos\github\proprogramadores\tmp\debug\mundo.obj
c:\users\victo\onedrive\documentos\github\proprogramadores\tmp\debug\listaobstaculos.obj
c:\users\victo\onedrive\documentos\github\proprogramadores\tmp\debug\listaenemigos.obj
c:\users\victo\onedrive\documentos\github\proprogramadores\tmp\debug\interaccion.obj
c:\users\victo\onedrive\documentos\github\proprogramadores\tmp\debug\hombre.obj
c:\users\victo\onedrive\documentos\github\proprogramadores\tmp\debug\enemigo.obj
c:\users\victo\onedrive\documentos\github\proprogramadores\tmp\debug\dimensiones.obj
c:\users\victo\onedrive\documentos\github\proprogramadores\tmp\debug\coordinador.obj
c:\users\victo\onedrive\documentos\github\proprogramadores\tmp\debug\bonus.obj
c:\users\victo\onedrive\documentos\github\proprogramadores\bin\pang.exe
c:\users\victo\onedrive\documentos\github\proprogramadores\bin\pang.ilk
c:\users\victo\onedrive\documentos\github\proprogramadores\bin\pang.pdb
c:\users\victo\onedrive\documentos\github\proprogramadores\tmp\debug\enemigosimple.obj
c:\users\victo\onedrive\documentos\github\proprogramadores\tmp\debug\coordinador.obj.enc
c:\users\victo\onedrive\documentos\github\proprogramadores\tmp\debug\mundo.obj.enc
c:\users\victo\onedrive\documentos\github\proprogramadores\tmp\debug\pang.tlog\cl.command.1.tlog
c:\users\victo\onedrive\documentos\github\proprogramadores\tmp\debug\pang.tlog\cl.read.1.tlog
c:\users\victo\onedrive\documentos\github\proprogramadores\tmp\debug\pang.tlog\cl.write.1.tlog
c:\users\victo\onedrive\documentos\github\proprogramadores\tmp\debug\pang.tlog\link.command.1.tlog
c:\users\victo\onedrive\documentos\github\proprogramadores\tmp\debug\pang.tlog\link.read.1.tlog
c:\users\victo\onedrive\documentos\github\proprogramadores\tmp\debug\pang.tlog\link.write.1.tlog
